<?xml version="1.0" encoding="UTF-8"?>
<!-- Generated by org.testng.reporters.JUnitXMLReporter -->
<testsuite ignored="0" hostname="DESKTOP-ILKE28B" failures="1" tests="4" name="Test" time="340.291" errors="0" timestamp="2024-01-11T00:42:23 IST">
  <testcase classname="commonMethods.Testcases" name="Solvecrane" time="68.149"/>
  <testcase classname="commonMethods.Testcases" name="shipping" time="73.486"/>
  <testcase classname="commonMethods.Testcases" name="Sonata3D" time="134.344"/>
  <testcase classname="commonMethods.Testcases" name="Schedule_failure" time="56.177">
    <failure type="java.lang.AssertionError" message="null">
      <![CDATA[java.lang.AssertionError: null
at scripts.Schedule_failure.sonata_fail(Schedule_failure.java:115)
at commonMethods.Testcases.Schedule_failure(Testcases.java:101)
at java.base/java.util.ArrayList.forEach(ArrayList.java:1511)
... Removed 29 stack frames]]>
    </failure>
  </testcase> <!-- Schedule_failure -->
</testsuite> <!-- Test -->
