<?xml version="1.0" encoding="UTF-8"?>
<!-- Generated by org.testng.reporters.JUnitXMLReporter -->
<testsuite ignored="0" hostname="DESKTOP-14KGQIA" failures="1" tests="3" name="chrome" time="281.895" errors="0" timestamp="2023-05-24T11:21:34 IST">
  <testcase classname="commonMethods.Testcases" name="Pluckk_01" time="83.779">
    <failure type="java.lang.AssertionError" message="null">
      <![CDATA[java.lang.AssertionError: null
at commonMethods.Keywords.click(Keywords.java:405)
at scripts.Pluckk_login.Product_purchase(Pluckk_login.java:127)
at commonMethods.Testcases.Pluckk_01(Testcases.java:74)
at java.base/java.util.ArrayList.forEach(ArrayList.java:1511)
... Removed 29 stack frames]]>
    </failure>
  </testcase> <!-- Pluckk_01 -->
  <testcase classname="commonMethods.Testcases" name="Pluckk_02" time="123.45"/>
  <testcase classname="commonMethods.Testcases" name="Pluckk_03" time="63.36"/>
</testsuite> <!-- chrome -->
